<?xml version="1.0" encoding="UTF-8"?>
<testsuite xmlns:xsi="http://www.w3.org/2001/XMLSchema-instance" xsi:noNamespaceSchemaLocation="https://maven.apache.org/surefire/maven-surefire-plugin/xsd/surefire-test-report.xsd" name="com.example.spring_boot.VueMusicApplicationTests" time="3.451" tests="1" errors="0" skipped="0" failures="0">
  <properties>
    <property name="sun.desktop" value="windows"/>
    <property name="awt.toolkit" value="sun.awt.windows.WToolkit"/>
    <property name="file.encoding.pkg" value="sun.io"/>
    <property name="java.specification.version" value="1.8"/>
    <property name="sun.cpu.isalist" value="amd64"/>
    <property name="sun.jnu.encoding" value="GBK"/>
    <property name="java.class.path" value="C:\Users\Hou_Yi\Desktop\springboot-vue-admin-template\spring_boot\target\test-classes;C:\Users\Hou_Yi\Desktop\springboot-vue-admin-template\spring_boot\target\classes;F:\JavaWork\mvn\repository\org\springframework\boot\spring-boot-devtools\2.7.7\spring-boot-devtools-2.7.7.jar;F:\JavaWork\mvn\repository\org\springframework\boot\spring-boot\2.7.7\spring-boot-2.7.7.jar;F:\JavaWork\mvn\repository\org\springframework\spring-context\5.3.24\spring-context-5.3.24.jar;F:\JavaWork\mvn\repository\org\springframework\boot\spring-boot-autoconfigure\2.7.7\spring-boot-autoconfigure-2.7.7.jar;F:\JavaWork\mvn\repository\org\springframework\boot\spring-boot-starter-web\2.7.7\spring-boot-starter-web-2.7.7.jar;F:\JavaWork\mvn\repository\org\springframework\boot\spring-boot-starter\2.7.7\spring-boot-starter-2.7.7.jar;F:\JavaWork\mvn\repository\org\springframework\boot\spring-boot-starter-logging\2.7.7\spring-boot-starter-logging-2.7.7.jar;F:\JavaWork\mvn\repository\ch\qos\logback\logback-classic\1.2.11\logback-classic-1.2.11.jar;F:\JavaWork\mvn\repository\ch\qos\logback\logback-core\1.2.11\logback-core-1.2.11.jar;F:\JavaWork\mvn\repository\org\apache\logging\log4j\log4j-to-slf4j\2.17.2\log4j-to-slf4j-2.17.2.jar;F:\JavaWork\mvn\repository\org\apache\logging\log4j\log4j-api\2.17.2\log4j-api-2.17.2.jar;F:\JavaWork\mvn\repository\org\slf4j\jul-to-slf4j\1.7.36\jul-to-slf4j-1.7.36.jar;F:\JavaWork\mvn\repository\jakarta\annotation\jakarta.annotation-api\1.3.5\jakarta.annotation-api-1.3.5.jar;F:\JavaWork\mvn\repository\org\yaml\snakeyaml\1.30\snakeyaml-1.30.jar;F:\JavaWork\mvn\repository\org\springframework\boot\spring-boot-starter-json\2.7.7\spring-boot-starter-json-2.7.7.jar;F:\JavaWork\mvn\repository\com\fasterxml\jackson\datatype\jackson-datatype-jdk8\2.13.4\jackson-datatype-jdk8-2.13.4.jar;F:\JavaWork\mvn\repository\com\fasterxml\jackson\datatype\jackson-datatype-jsr310\2.13.4\jackson-datatype-jsr310-2.13.4.jar;F:\JavaWork\mvn\repository\com\fasterxml\jackson\module\jackson-module-parameter-names\2.13.4\jackson-module-parameter-names-2.13.4.jar;F:\JavaWork\mvn\repository\org\springframework\boot\spring-boot-starter-tomcat\2.7.7\spring-boot-starter-tomcat-2.7.7.jar;F:\JavaWork\mvn\repository\org\apache\tomcat\embed\tomcat-embed-core\9.0.70\tomcat-embed-core-9.0.70.jar;F:\JavaWork\mvn\repository\org\apache\tomcat\embed\tomcat-embed-el\9.0.70\tomcat-embed-el-9.0.70.jar;F:\JavaWork\mvn\repository\org\apache\tomcat\embed\tomcat-embed-websocket\9.0.70\tomcat-embed-websocket-9.0.70.jar;F:\JavaWork\mvn\repository\org\springframework\spring-web\5.3.24\spring-web-5.3.24.jar;F:\JavaWork\mvn\repository\org\springframework\spring-beans\5.3.24\spring-beans-5.3.24.jar;F:\JavaWork\mvn\repository\org\springframework\spring-webmvc\5.3.24\spring-webmvc-5.3.24.jar;F:\JavaWork\mvn\repository\org\springframework\spring-aop\5.3.24\spring-aop-5.3.24.jar;F:\JavaWork\mvn\repository\org\springframework\spring-expression\5.3.24\spring-expression-5.3.24.jar;F:\JavaWork\mvn\repository\org\springframework\boot\spring-boot-starter-test\2.7.7\spring-boot-starter-test-2.7.7.jar;F:\JavaWork\mvn\repository\org\springframework\boot\spring-boot-test\2.7.7\spring-boot-test-2.7.7.jar;F:\JavaWork\mvn\repository\org\springframework\boot\spring-boot-test-autoconfigure\2.7.7\spring-boot-test-autoconfigure-2.7.7.jar;F:\JavaWork\mvn\repository\com\jayway\jsonpath\json-path\2.7.0\json-path-2.7.0.jar;F:\JavaWork\mvn\repository\net\minidev\json-smart\2.4.8\json-smart-2.4.8.jar;F:\JavaWork\mvn\repository\net\minidev\accessors-smart\2.4.8\accessors-smart-2.4.8.jar;F:\JavaWork\mvn\repository\org\ow2\asm\asm\9.1\asm-9.1.jar;F:\JavaWork\mvn\repository\jakarta\xml\bind\jakarta.xml.bind-api\2.3.3\jakarta.xml.bind-api-2.3.3.jar;F:\JavaWork\mvn\repository\jakarta\activation\jakarta.activation-api\1.2.2\jakarta.activation-api-1.2.2.jar;F:\JavaWork\mvn\repository\org\assertj\assertj-core\3.22.0\assertj-core-3.22.0.jar;F:\JavaWork\mvn\repository\org\hamcrest\hamcrest\2.2\hamcrest-2.2.jar;F:\JavaWork\mvn\repository\org\junit\jupiter\junit-jupiter\5.8.2\junit-jupiter-5.8.2.jar;F:\JavaWork\mvn\repository\org\junit\jupiter\junit-jupiter-api\5.8.2\junit-jupiter-api-5.8.2.jar;F:\JavaWork\mvn\repository\org\opentest4j\opentest4j\1.2.0\opentest4j-1.2.0.jar;F:\JavaWork\mvn\repository\org\junit\platform\junit-platform-commons\1.8.2\junit-platform-commons-1.8.2.jar;F:\JavaWork\mvn\repository\org\apiguardian\apiguardian-api\1.1.2\apiguardian-api-1.1.2.jar;F:\JavaWork\mvn\repository\org\junit\jupiter\junit-jupiter-params\5.8.2\junit-jupiter-params-5.8.2.jar;F:\JavaWork\mvn\repository\org\junit\jupiter\junit-jupiter-engine\5.8.2\junit-jupiter-engine-5.8.2.jar;F:\JavaWork\mvn\repository\org\junit\platform\junit-platform-engine\1.8.2\junit-platform-engine-1.8.2.jar;F:\JavaWork\mvn\repository\org\mockito\mockito-core\4.5.1\mockito-core-4.5.1.jar;F:\JavaWork\mvn\repository\net\bytebuddy\byte-buddy\1.12.20\byte-buddy-1.12.20.jar;F:\JavaWork\mvn\repository\net\bytebuddy\byte-buddy-agent\1.12.20\byte-buddy-agent-1.12.20.jar;F:\JavaWork\mvn\repository\org\objenesis\objenesis\3.2\objenesis-3.2.jar;F:\JavaWork\mvn\repository\org\mockito\mockito-junit-jupiter\4.5.1\mockito-junit-jupiter-4.5.1.jar;F:\JavaWork\mvn\repository\org\skyscreamer\jsonassert\1.5.1\jsonassert-1.5.1.jar;F:\JavaWork\mvn\repository\com\vaadin\external\google\android-json\0.0.20131108.vaadin1\android-json-0.0.20131108.vaadin1.jar;F:\JavaWork\mvn\repository\org\springframework\spring-core\5.3.24\spring-core-5.3.24.jar;F:\JavaWork\mvn\repository\org\springframework\spring-jcl\5.3.24\spring-jcl-5.3.24.jar;F:\JavaWork\mvn\repository\org\springframework\spring-test\5.3.24\spring-test-5.3.24.jar;F:\JavaWork\mvn\repository\org\xmlunit\xmlunit-core\2.9.0\xmlunit-core-2.9.0.jar;F:\JavaWork\mvn\repository\io\springfox\springfox-swagger2\2.9.2\springfox-swagger2-2.9.2.jar;F:\JavaWork\mvn\repository\io\swagger\swagger-annotations\1.5.20\swagger-annotations-1.5.20.jar;F:\JavaWork\mvn\repository\io\swagger\swagger-models\1.5.20\swagger-models-1.5.20.jar;F:\JavaWork\mvn\repository\com\fasterxml\jackson\core\jackson-annotations\2.13.4\jackson-annotations-2.13.4.jar;F:\JavaWork\mvn\repository\io\springfox\springfox-spi\2.9.2\springfox-spi-2.9.2.jar;F:\JavaWork\mvn\repository\io\springfox\springfox-core\2.9.2\springfox-core-2.9.2.jar;F:\JavaWork\mvn\repository\io\springfox\springfox-schema\2.9.2\springfox-schema-2.9.2.jar;F:\JavaWork\mvn\repository\io\springfox\springfox-swagger-common\2.9.2\springfox-swagger-common-2.9.2.jar;F:\JavaWork\mvn\repository\io\springfox\springfox-spring-web\2.9.2\springfox-spring-web-2.9.2.jar;F:\JavaWork\mvn\repository\com\google\guava\guava\20.0\guava-20.0.jar;F:\JavaWork\mvn\repository\com\fasterxml\classmate\1.5.1\classmate-1.5.1.jar;F:\JavaWork\mvn\repository\org\slf4j\slf4j-api\1.7.36\slf4j-api-1.7.36.jar;F:\JavaWork\mvn\repository\org\springframework\plugin\spring-plugin-core\1.2.0.RELEASE\spring-plugin-core-1.2.0.RELEASE.jar;F:\JavaWork\mvn\repository\org\springframework\plugin\spring-plugin-metadata\1.2.0.RELEASE\spring-plugin-metadata-1.2.0.RELEASE.jar;F:\JavaWork\mvn\repository\org\mapstruct\mapstruct\1.2.0.Final\mapstruct-1.2.0.Final.jar;F:\JavaWork\mvn\repository\io\springfox\springfox-swagger-ui\2.9.2\springfox-swagger-ui-2.9.2.jar;F:\JavaWork\mvn\repository\com\baomidou\mybatis-plus-boot-starter\3.4.2\mybatis-plus-boot-starter-3.4.2.jar;F:\JavaWork\mvn\repository\com\baomidou\mybatis-plus\3.4.2\mybatis-plus-3.4.2.jar;F:\JavaWork\mvn\repository\com\baomidou\mybatis-plus-extension\3.4.2\mybatis-plus-extension-3.4.2.jar;F:\JavaWork\mvn\repository\com\baomidou\mybatis-plus-core\3.4.2\mybatis-plus-core-3.4.2.jar;F:\JavaWork\mvn\repository\com\baomidou\mybatis-plus-annotation\3.4.2\mybatis-plus-annotation-3.4.2.jar;F:\JavaWork\mvn\repository\com\github\jsqlparser\jsqlparser\4.0\jsqlparser-4.0.jar;F:\JavaWork\mvn\repository\org\mybatis\mybatis\3.5.6\mybatis-3.5.6.jar;F:\JavaWork\mvn\repository\org\mybatis\mybatis-spring\2.0.5\mybatis-spring-2.0.5.jar;F:\JavaWork\mvn\repository\org\springframework\boot\spring-boot-starter-jdbc\2.7.7\spring-boot-starter-jdbc-2.7.7.jar;F:\JavaWork\mvn\repository\com\zaxxer\HikariCP\4.0.3\HikariCP-4.0.3.jar;F:\JavaWork\mvn\repository\org\springframework\spring-jdbc\5.3.24\spring-jdbc-5.3.24.jar;F:\JavaWork\mvn\repository\org\springframework\spring-tx\5.3.24\spring-tx-5.3.24.jar;F:\JavaWork\mvn\repository\mysql\mysql-connector-java\5.1.48\mysql-connector-java-5.1.48.jar;F:\JavaWork\mvn\repository\com\alibaba\druid-spring-boot-starter\1.1.20\druid-spring-boot-starter-1.1.20.jar;F:\JavaWork\mvn\repository\com\alibaba\druid\1.1.20\druid-1.1.20.jar;F:\JavaWork\mvn\repository\io\jsonwebtoken\jjwt\0.9.1\jjwt-0.9.1.jar;F:\JavaWork\mvn\repository\com\fasterxml\jackson\core\jackson-databind\2.13.4.2\jackson-databind-2.13.4.2.jar;F:\JavaWork\mvn\repository\com\fasterxml\jackson\core\jackson-core\2.13.4\jackson-core-2.13.4.jar;F:\JavaWork\mvn\repository\com\alibaba\fastjson\1.2.57\fastjson-1.2.57.jar;F:\JavaWork\mvn\repository\net\sf\trove4j\core\3.1.0\core-3.1.0.jar;"/>
    <property name="java.vm.vendor" value="Oracle Corporation"/>
    <property name="sun.arch.data.model" value="64"/>
    <property name="user.variant" value=""/>
    <property name="java.vendor.url" value="http://java.oracle.com/"/>
    <property name="user.timezone" value="Asia/Shanghai"/>
    <property name="java.vm.specification.version" value="1.8"/>
    <property name="os.name" value="Windows 10"/>
    <property name="user.country" value="CN"/>
    <property name="sun.java.launcher" value="SUN_STANDARD"/>
    <property name="sun.boot.library.path" value="E:\java_8\jre\bin"/>
    <property name="sun.java.command" value="C:\Users\Hou_Yi\AppData\Local\Temp\surefire1215147969230717881\surefirebooter1108883525616786551.jar C:\Users\Hou_Yi\AppData\Local\Temp\surefire1215147969230717881 2023-02-03T11-46-59_399-jvmRun1 surefire1976826501472292692tmp surefire_0455288541034956764tmp"/>
    <property name="surefire.test.class.path" value="C:\Users\Hou_Yi\Desktop\springboot-vue-admin-template\spring_boot\target\test-classes;C:\Users\Hou_Yi\Desktop\springboot-vue-admin-template\spring_boot\target\classes;F:\JavaWork\mvn\repository\org\springframework\boot\spring-boot-devtools\2.7.7\spring-boot-devtools-2.7.7.jar;F:\JavaWork\mvn\repository\org\springframework\boot\spring-boot\2.7.7\spring-boot-2.7.7.jar;F:\JavaWork\mvn\repository\org\springframework\spring-context\5.3.24\spring-context-5.3.24.jar;F:\JavaWork\mvn\repository\org\springframework\boot\spring-boot-autoconfigure\2.7.7\spring-boot-autoconfigure-2.7.7.jar;F:\JavaWork\mvn\repository\org\springframework\boot\spring-boot-starter-web\2.7.7\spring-boot-starter-web-2.7.7.jar;F:\JavaWork\mvn\repository\org\springframework\boot\spring-boot-starter\2.7.7\spring-boot-starter-2.7.7.jar;F:\JavaWork\mvn\repository\org\springframework\boot\spring-boot-starter-logging\2.7.7\spring-boot-starter-logging-2.7.7.jar;F:\JavaWork\mvn\repository\ch\qos\logback\logback-classic\1.2.11\logback-classic-1.2.11.jar;F:\JavaWork\mvn\repository\ch\qos\logback\logback-core\1.2.11\logback-core-1.2.11.jar;F:\JavaWork\mvn\repository\org\apache\logging\log4j\log4j-to-slf4j\2.17.2\log4j-to-slf4j-2.17.2.jar;F:\JavaWork\mvn\repository\org\apache\logging\log4j\log4j-api\2.17.2\log4j-api-2.17.2.jar;F:\JavaWork\mvn\repository\org\slf4j\jul-to-slf4j\1.7.36\jul-to-slf4j-1.7.36.jar;F:\JavaWork\mvn\repository\jakarta\annotation\jakarta.annotation-api\1.3.5\jakarta.annotation-api-1.3.5.jar;F:\JavaWork\mvn\repository\org\yaml\snakeyaml\1.30\snakeyaml-1.30.jar;F:\JavaWork\mvn\repository\org\springframework\boot\spring-boot-starter-json\2.7.7\spring-boot-starter-json-2.7.7.jar;F:\JavaWork\mvn\repository\com\fasterxml\jackson\datatype\jackson-datatype-jdk8\2.13.4\jackson-datatype-jdk8-2.13.4.jar;F:\JavaWork\mvn\repository\com\fasterxml\jackson\datatype\jackson-datatype-jsr310\2.13.4\jackson-datatype-jsr310-2.13.4.jar;F:\JavaWork\mvn\repository\com\fasterxml\jackson\module\jackson-module-parameter-names\2.13.4\jackson-module-parameter-names-2.13.4.jar;F:\JavaWork\mvn\repository\org\springframework\boot\spring-boot-starter-tomcat\2.7.7\spring-boot-starter-tomcat-2.7.7.jar;F:\JavaWork\mvn\repository\org\apache\tomcat\embed\tomcat-embed-core\9.0.70\tomcat-embed-core-9.0.70.jar;F:\JavaWork\mvn\repository\org\apache\tomcat\embed\tomcat-embed-el\9.0.70\tomcat-embed-el-9.0.70.jar;F:\JavaWork\mvn\repository\org\apache\tomcat\embed\tomcat-embed-websocket\9.0.70\tomcat-embed-websocket-9.0.70.jar;F:\JavaWork\mvn\repository\org\springframework\spring-web\5.3.24\spring-web-5.3.24.jar;F:\JavaWork\mvn\repository\org\springframework\spring-beans\5.3.24\spring-beans-5.3.24.jar;F:\JavaWork\mvn\repository\org\springframework\spring-webmvc\5.3.24\spring-webmvc-5.3.24.jar;F:\JavaWork\mvn\repository\org\springframework\spring-aop\5.3.24\spring-aop-5.3.24.jar;F:\JavaWork\mvn\repository\org\springframework\spring-expression\5.3.24\spring-expression-5.3.24.jar;F:\JavaWork\mvn\repository\org\springframework\boot\spring-boot-starter-test\2.7.7\spring-boot-starter-test-2.7.7.jar;F:\JavaWork\mvn\repository\org\springframework\boot\spring-boot-test\2.7.7\spring-boot-test-2.7.7.jar;F:\JavaWork\mvn\repository\org\springframework\boot\spring-boot-test-autoconfigure\2.7.7\spring-boot-test-autoconfigure-2.7.7.jar;F:\JavaWork\mvn\repository\com\jayway\jsonpath\json-path\2.7.0\json-path-2.7.0.jar;F:\JavaWork\mvn\repository\net\minidev\json-smart\2.4.8\json-smart-2.4.8.jar;F:\JavaWork\mvn\repository\net\minidev\accessors-smart\2.4.8\accessors-smart-2.4.8.jar;F:\JavaWork\mvn\repository\org\ow2\asm\asm\9.1\asm-9.1.jar;F:\JavaWork\mvn\repository\jakarta\xml\bind\jakarta.xml.bind-api\2.3.3\jakarta.xml.bind-api-2.3.3.jar;F:\JavaWork\mvn\repository\jakarta\activation\jakarta.activation-api\1.2.2\jakarta.activation-api-1.2.2.jar;F:\JavaWork\mvn\repository\org\assertj\assertj-core\3.22.0\assertj-core-3.22.0.jar;F:\JavaWork\mvn\repository\org\hamcrest\hamcrest\2.2\hamcrest-2.2.jar;F:\JavaWork\mvn\repository\org\junit\jupiter\junit-jupiter\5.8.2\junit-jupiter-5.8.2.jar;F:\JavaWork\mvn\repository\org\junit\jupiter\junit-jupiter-api\5.8.2\junit-jupiter-api-5.8.2.jar;F:\JavaWork\mvn\repository\org\opentest4j\opentest4j\1.2.0\opentest4j-1.2.0.jar;F:\JavaWork\mvn\repository\org\junit\platform\junit-platform-commons\1.8.2\junit-platform-commons-1.8.2.jar;F:\JavaWork\mvn\repository\org\apiguardian\apiguardian-api\1.1.2\apiguardian-api-1.1.2.jar;F:\JavaWork\mvn\repository\org\junit\jupiter\junit-jupiter-params\5.8.2\junit-jupiter-params-5.8.2.jar;F:\JavaWork\mvn\repository\org\junit\jupiter\junit-jupiter-engine\5.8.2\junit-jupiter-engine-5.8.2.jar;F:\JavaWork\mvn\repository\org\junit\platform\junit-platform-engine\1.8.2\junit-platform-engine-1.8.2.jar;F:\JavaWork\mvn\repository\org\mockito\mockito-core\4.5.1\mockito-core-4.5.1.jar;F:\JavaWork\mvn\repository\net\bytebuddy\byte-buddy\1.12.20\byte-buddy-1.12.20.jar;F:\JavaWork\mvn\repository\net\bytebuddy\byte-buddy-agent\1.12.20\byte-buddy-agent-1.12.20.jar;F:\JavaWork\mvn\repository\org\objenesis\objenesis\3.2\objenesis-3.2.jar;F:\JavaWork\mvn\repository\org\mockito\mockito-junit-jupiter\4.5.1\mockito-junit-jupiter-4.5.1.jar;F:\JavaWork\mvn\repository\org\skyscreamer\jsonassert\1.5.1\jsonassert-1.5.1.jar;F:\JavaWork\mvn\repository\com\vaadin\external\google\android-json\0.0.20131108.vaadin1\android-json-0.0.20131108.vaadin1.jar;F:\JavaWork\mvn\repository\org\springframework\spring-core\5.3.24\spring-core-5.3.24.jar;F:\JavaWork\mvn\repository\org\springframework\spring-jcl\5.3.24\spring-jcl-5.3.24.jar;F:\JavaWork\mvn\repository\org\springframework\spring-test\5.3.24\spring-test-5.3.24.jar;F:\JavaWork\mvn\repository\org\xmlunit\xmlunit-core\2.9.0\xmlunit-core-2.9.0.jar;F:\JavaWork\mvn\repository\io\springfox\springfox-swagger2\2.9.2\springfox-swagger2-2.9.2.jar;F:\JavaWork\mvn\repository\io\swagger\swagger-annotations\1.5.20\swagger-annotations-1.5.20.jar;F:\JavaWork\mvn\repository\io\swagger\swagger-models\1.5.20\swagger-models-1.5.20.jar;F:\JavaWork\mvn\repository\com\fasterxml\jackson\core\jackson-annotations\2.13.4\jackson-annotations-2.13.4.jar;F:\JavaWork\mvn\repository\io\springfox\springfox-spi\2.9.2\springfox-spi-2.9.2.jar;F:\JavaWork\mvn\repository\io\springfox\springfox-core\2.9.2\springfox-core-2.9.2.jar;F:\JavaWork\mvn\repository\io\springfox\springfox-schema\2.9.2\springfox-schema-2.9.2.jar;F:\JavaWork\mvn\repository\io\springfox\springfox-swagger-common\2.9.2\springfox-swagger-common-2.9.2.jar;F:\JavaWork\mvn\repository\io\springfox\springfox-spring-web\2.9.2\springfox-spring-web-2.9.2.jar;F:\JavaWork\mvn\repository\com\google\guava\guava\20.0\guava-20.0.jar;F:\JavaWork\mvn\repository\com\fasterxml\classmate\1.5.1\classmate-1.5.1.jar;F:\JavaWork\mvn\repository\org\slf4j\slf4j-api\1.7.36\slf4j-api-1.7.36.jar;F:\JavaWork\mvn\repository\org\springframework\plugin\spring-plugin-core\1.2.0.RELEASE\spring-plugin-core-1.2.0.RELEASE.jar;F:\JavaWork\mvn\repository\org\springframework\plugin\spring-plugin-metadata\1.2.0.RELEASE\spring-plugin-metadata-1.2.0.RELEASE.jar;F:\JavaWork\mvn\repository\org\mapstruct\mapstruct\1.2.0.Final\mapstruct-1.2.0.Final.jar;F:\JavaWork\mvn\repository\io\springfox\springfox-swagger-ui\2.9.2\springfox-swagger-ui-2.9.2.jar;F:\JavaWork\mvn\repository\com\baomidou\mybatis-plus-boot-starter\3.4.2\mybatis-plus-boot-starter-3.4.2.jar;F:\JavaWork\mvn\repository\com\baomidou\mybatis-plus\3.4.2\mybatis-plus-3.4.2.jar;F:\JavaWork\mvn\repository\com\baomidou\mybatis-plus-extension\3.4.2\mybatis-plus-extension-3.4.2.jar;F:\JavaWork\mvn\repository\com\baomidou\mybatis-plus-core\3.4.2\mybatis-plus-core-3.4.2.jar;F:\JavaWork\mvn\repository\com\baomidou\mybatis-plus-annotation\3.4.2\mybatis-plus-annotation-3.4.2.jar;F:\JavaWork\mvn\repository\com\github\jsqlparser\jsqlparser\4.0\jsqlparser-4.0.jar;F:\JavaWork\mvn\repository\org\mybatis\mybatis\3.5.6\mybatis-3.5.6.jar;F:\JavaWork\mvn\repository\org\mybatis\mybatis-spring\2.0.5\mybatis-spring-2.0.5.jar;F:\JavaWork\mvn\repository\org\springframework\boot\spring-boot-starter-jdbc\2.7.7\spring-boot-starter-jdbc-2.7.7.jar;F:\JavaWork\mvn\repository\com\zaxxer\HikariCP\4.0.3\HikariCP-4.0.3.jar;F:\JavaWork\mvn\repository\org\springframework\spring-jdbc\5.3.24\spring-jdbc-5.3.24.jar;F:\JavaWork\mvn\repository\org\springframework\spring-tx\5.3.24\spring-tx-5.3.24.jar;F:\JavaWork\mvn\repository\mysql\mysql-connector-java\5.1.48\mysql-connector-java-5.1.48.jar;F:\JavaWork\mvn\repository\com\alibaba\druid-spring-boot-starter\1.1.20\druid-spring-boot-starter-1.1.20.jar;F:\JavaWork\mvn\repository\com\alibaba\druid\1.1.20\druid-1.1.20.jar;F:\JavaWork\mvn\repository\io\jsonwebtoken\jjwt\0.9.1\jjwt-0.9.1.jar;F:\JavaWork\mvn\repository\com\fasterxml\jackson\core\jackson-databind\2.13.4.2\jackson-databind-2.13.4.2.jar;F:\JavaWork\mvn\repository\com\fasterxml\jackson\core\jackson-core\2.13.4\jackson-core-2.13.4.jar;F:\JavaWork\mvn\repository\com\alibaba\fastjson\1.2.57\fastjson-1.2.57.jar;F:\JavaWork\mvn\repository\net\sf\trove4j\core\3.1.0\core-3.1.0.jar;"/>
    <property name="sun.cpu.endian" value="little"/>
    <property name="user.home" value="C:\Users\Hou_Yi"/>
    <property name="user.language" value="zh"/>
    <property name="java.specification.vendor" value="Oracle Corporation"/>
    <property name="java.home" value="E:\java_8\jre"/>
    <property name="basedir" value="C:\Users\Hou_Yi\Desktop\springboot-vue-admin-template\spring_boot"/>
    <property name="file.separator" value="\"/>
    <property name="line.separator" value="&#10;"/>
    <property name="java.vm.specification.vendor" value="Oracle Corporation"/>
    <property name="java.specification.name" value="Java Platform API Specification"/>
    <property name="java.awt.graphicsenv" value="sun.awt.Win32GraphicsEnvironment"/>
    <property name="surefire.real.class.path" value="C:\Users\Hou_Yi\AppData\Local\Temp\surefire1215147969230717881\surefirebooter1108883525616786551.jar"/>
    <property name="sun.boot.class.path" value="E:\java_8\jre\lib\resources.jar;E:\java_8\jre\lib\rt.jar;E:\java_8\jre\lib\sunrsasign.jar;E:\java_8\jre\lib\jsse.jar;E:\java_8\jre\lib\jce.jar;E:\java_8\jre\lib\charsets.jar;E:\java_8\jre\lib\jfr.jar;E:\java_8\jre\classes"/>
    <property name="user.script" value=""/>
    <property name="sun.management.compiler" value="HotSpot 64-Bit Tiered Compilers"/>
    <property name="java.runtime.version" value="1.8.0_111-b14"/>
    <property name="user.name" value="Hou_Yi"/>
    <property name="path.separator" value=";"/>
    <property name="os.version" value="10.0"/>
    <property name="java.endorsed.dirs" value="E:\java_8\jre\lib\endorsed"/>
    <property name="java.runtime.name" value="Java(TM) SE Runtime Environment"/>
    <property name="file.encoding" value="GBK"/>
    <property name="java.vm.name" value="Java HotSpot(TM) 64-Bit Server VM"/>
    <property name="localRepository" value="F:\JavaWork\mvn\repository"/>
    <property name="java.vendor.url.bug" value="http://bugreport.sun.com/bugreport/"/>
    <property name="java.io.tmpdir" value="C:\Users\Hou_Yi\AppData\Local\Temp\"/>
    <property name="idea.version" value="2020.3.2"/>
    <property name="java.version" value="1.8.0_111"/>
    <property name="user.dir" value="C:\Users\Hou_Yi\Desktop\springboot-vue-admin-template\spring_boot"/>
    <property name="os.arch" value="amd64"/>
    <property name="java.vm.specification.name" value="Java Virtual Machine Specification"/>
    <property name="java.awt.printerjob" value="sun.awt.windows.WPrinterJob"/>
    <property name="sun.os.patch.level" value=""/>
    <property name="java.library.path" value="E:\java_8\jre\bin;C:\WINDOWS\Sun\Java\bin;C:\WINDOWS\system32;C:\WINDOWS;C:\WINDOWS\system32;C:\WINDOWS;C:\WINDOWS\System32\Wbem;C:\WINDOWS\System32\WindowsPowerShell\v1.0\;C:\WINDOWS\System32\OpenSSH\;E:\bandizip\;E:\python\;E:\python\Scripts\;E:\java_8\bin;E:\java_8\jre\bin;E:\mysql-5.7.29-winx64\bin;E:\node;;E:\Fiddler;."/>
    <property name="java.vm.info" value="mixed mode"/>
    <property name="java.vendor" value="Oracle Corporation"/>
    <property name="java.vm.version" value="25.111-b14"/>
    <property name="java.ext.dirs" value="E:\java_8\jre\lib\ext;C:\WINDOWS\Sun\Java\lib\ext"/>
    <property name="sun.io.unicode.encoding" value="UnicodeLittle"/>
    <property name="maven.repo.local" value="F:\JavaWork\mvn\repository"/>
    <property name="java.class.version" value="52.0"/>
  </properties>
  <testcase name="contextLoads" classname="com.example.spring_boot.VueMusicApplicationTests" time="0.192"/>
</testsuite>